100, 0.0588984489440918, 4.44e-07, 0.001476251
101, 0.06482410430908203, 8.445000000000001e-06, 0.0015627890000000002
102, 0.06623601913452148, 8.148e-06, 0.0016875170000000001
103, 0.06658267974853516, 8.000000000000001e-06, 0.0016959310000000001
104, 0.06923317909240723, 8.444e-06, 0.001719959
105, 0.07007813453674316, 4.44e-07, 0.001735175
106, 0.07202625274658203, 8.741e-06, 0.0017755750000000002
107, 0.07201242446899414, 8.889e-06, 0.0018366080000000002
108, 0.07448911666870117, 8.445000000000001e-06, 0.001868779
109, 0.07577705383300781, 8.444e-06, 0.0018996520000000002
110, 0.07602095603942871, 8.889e-06, 0.0019334250000000001
111, 0.07713460922241211, 9.037e-06, 0.0019764270000000002
112, 0.07882571220397949, 8.445000000000001e-06, 0.0018563120000000002
113, 0.0815737247467041, 8.445000000000001e-06, 0.001957543
114, 0.08221006393432617, 5.930000000000001e-07, 0.002061491
115, 0.08374547958374023, 8.740000000000001e-06, 0.002165259
116, 0.08530354499816895, 8.445000000000001e-06, 0.0022632900000000003
117, 0.08738279342651367, 8.592e-06, 0.002374817
118, 0.08807587623596191, 4.44e-07, 0.0024679230000000003
119, 0.09000968933105469, 8.889e-06, 0.002602511
120, 0.09169960021972656, 4.44e-07, 0.0026298520000000002
121, 0.09283781051635742, 8.592e-06, 0.0026862350000000004
122, 0.09408736228942871, 4.4500000000000003e-07, 0.0027157270000000002
123, 0.09606575965881348, 8.741e-06, 0.0027609310000000003
124, 0.09733343124389648, 4.44e-07, 0.0028478830000000003
125, 0.09930300712585449, 8.593e-06, 0.002890587
126, 0.10054802894592285, 4.4500000000000003e-07, 0.002933658
127, 0.10197567939758301, 9.037e-06, 0.0029737030000000003
128, 0.10401129722595215, 5.92e-07, 0.0027499210000000002
129, 0.10507702827453613, 8.593e-06, 0.00286459
130, 0.10701870918273926, 4.44e-07, 0.0029958380000000002
131, 0.10809469223022461, 8.740000000000001e-06, 0.003139451
132, 0.1105809211730957, 8.444e-06, 0.0032711090000000003
133, 0.11124753952026367, 5.930000000000001e-07, 0.003400347
134, 0.11359262466430664, 8.889e-06, 0.003563544
135, 0.11567354202270508, 2.96e-07, 0.003690524
136, 0.11716485023498535, 8.593e-06, 0.0038389030000000003
137, 0.11795186996459961, 8.445000000000001e-06, 0.003883253
138, 0.12019896507263184, 3.7030000000000004e-06, 0.003980204
139, 0.12156820297241211, 2.97e-07, 0.0040085270000000004
140, 0.12310051918029785, 8.592e-06, 0.004057306
141, 0.12594318389892578, 8.445000000000001e-06, 0.004131789
142, 0.12792682647705078, 8.741e-06, 0.004193393
143, 0.1293642520904541, 9.037e-06, 0.00426182
144, 0.1315443515777588, 4.4500000000000003e-07, 0.003930481
145, 0.13283586502075195, 8.444e-06, 0.004124316
146, 0.13516736030578613, 8.889e-06, 0.004253032
147, 0.13602566719055176, 8.889e-06, 0.004441882
148, 0.13902044296264648, 2.96e-07, 0.004588605
149, 0.13995003700256348, 8.444e-06, 0.004765494
100, 0.05932927131652832, 2.96e-07, 0.0014779
101, 0.06452417373657227, 4.4500000000000003e-07, 0.0015615000000000002
102, 0.06516385078430176, 2.96e-07, 0.0016572470000000001
103, 0.06657552719116211, 8.296e-06, 0.001668704
104, 0.06729865074157715, 9.037e-06, 0.001727178
105, 0.06934213638305664, 4.44e-07, 0.0017568350000000002
106, 0.07003140449523926, 4.4500000000000003e-07, 0.001776577
107, 0.07152557373046875, 5.92e-07, 0.001822891
108, 0.07253193855285645, 2.96e-07, 0.0018857470000000001
109, 0.07409954071044922, 2.96e-07, 0.0018847690000000001
110, 0.07562446594238281, 4.44e-07, 0.001909468
111, 0.07677197456359863, 8.445000000000001e-06, 0.0019483950000000001
112, 0.07828092575073242, 4.44e-07, 0.0018988490000000002
113, 0.08014416694641113, 5.92e-07, 0.001955787
114, 0.08108711242675781, 5.92e-07, 0.002141922
115, 0.08284401893615723, 5.930000000000001e-07, 0.0021596650000000003
116, 0.08404994010925293, 5.930000000000001e-07, 0.0022819760000000002
117, 0.08538579940795898, 2.96e-07, 0.0023627500000000003
118, 0.08691573143005371, 8.445000000000001e-06, 0.002488927
119, 0.0893096923828125, 5.92e-07, 0.002597036
120, 0.08971238136291504, 4.4500000000000003e-07, 0.0026385830000000003
121, 0.09111189842224121, 2.96e-07, 0.002681871
122, 0.0923910140991211, 2.96e-07, 0.002741739
123, 0.09450650215148926, 5.930000000000001e-07, 0.002762337
124, 0.0978550910949707, 8.889e-06, 0.0028089630000000003
125, 0.09723615646362305, 5.930000000000001e-07, 0.002858773
126, 0.0994713306427002, 4.44e-07, 0.0029159800000000003
127, 0.10034656524658203, 5.930000000000001e-07, 0.002967139
128, 0.1020820140838623, 5.930000000000001e-07, 0.002762427
129, 0.10451674461364746, 8.889e-06, 0.002883702
130, 0.10449385643005371, 4.44e-07, 0.003025411
131, 0.10787343978881836, 5.930000000000001e-07, 0.003130105
132, 0.10929608345031738, 2.96e-07, 0.0032939400000000004
133, 0.11059236526489258, 4.4500000000000003e-07, 0.003401106
134, 0.11281800270080566, 8.890000000000001e-07, 0.003549991
135, 0.11397695541381836, 8.444e-06, 0.003681231
136, 0.11609649658203125, 4.44e-07, 0.0038265860000000003
137, 0.11714363098144531, 2.96e-07, 0.0038982430000000005
138, 0.11929512023925781, 2.97e-07, 0.003945463000000001
139, 0.1210794448852539, 7.704000000000001e-06, 0.00400522
140, 0.12211132049560547, 2.96e-07, 0.004067261
141, 0.1240701675415039, 2.97e-07, 0.004140272
142, 0.12665200233459473, 4.4500000000000003e-07, 0.004211752
143, 0.12740397453308105, 4.4500000000000003e-07, 0.004264843
144, 0.13045978546142578, 8.889e-06, 0.00393336
145, 0.13201117515563965, 5.930000000000001e-07, 0.004078480000000001
146, 0.13349628448486328, 5.92e-07, 0.004270375
147, 0.13466739654541016, 5.92e-07, 0.004416915
148, 0.13735103607177734, 9.037e-06, 0.004635553000000001
149, 0.13945579528808594, 2.97e-07, 0.004760118000000001
